INFO:    squashfuse not found, will not be able to use gocryptfs
INFO:    gocryptfs not found, will not be able to use gocryptfs
here() starts at /scratch/st-kdkortha-1/nshen7/cfMeDIP_deconv/cfMeDIP-deconv-experiments
── Attaching core tidyverse packages ──────────────────────── tidyverse 2.0.0 ──
✔ dplyr     1.1.3     ✔ readr     2.1.4
✔ forcats   1.0.0     ✔ stringr   1.5.0
✔ ggplot2   3.4.3     ✔ tibble    3.2.1
✔ lubridate 1.9.3     ✔ tidyr     1.3.0
✔ purrr     1.0.1     
── Conflicts ────────────────────────────────────────── tidyverse_conflicts() ──
✖ dplyr::filter() masks stats::filter()
✖ dplyr::lag()    masks stats::lag()
ℹ Use the conflicted package (<http://conflicted.r-lib.org/>) to force all conflicts to become errors

Attaching package: ‘data.table’

The following objects are masked from ‘package:lubridate’:

    hour, isoweek, mday, minute, month, quarter, second, wday, week,
    yday, year

The following objects are masked from ‘package:dplyr’:

    between, first, last

The following object is masked from ‘package:purrr’:

    transpose

Loading required package: stats4
Loading required package: BiocGenerics

Attaching package: ‘BiocGenerics’

The following objects are masked from ‘package:lubridate’:

    intersect, setdiff, union

The following objects are masked from ‘package:dplyr’:

    combine, intersect, setdiff, union

The following objects are masked from ‘package:stats’:

    IQR, mad, sd, var, xtabs

The following objects are masked from ‘package:base’:

    anyDuplicated, aperm, append, as.data.frame, basename, cbind,
    colnames, dirname, do.call, duplicated, eval, evalq, Filter, Find,
    get, grep, grepl, intersect, is.unsorted, lapply, Map, mapply,
    match, mget, order, paste, pmax, pmax.int, pmin, pmin.int,
    Position, rank, rbind, Reduce, rownames, sapply, setdiff, sort,
    table, tapply, union, unique, unsplit, which.max, which.min

Loading required package: S4Vectors

Attaching package: ‘S4Vectors’

The following objects are masked from ‘package:data.table’:

    first, second

The following objects are masked from ‘package:lubridate’:

    second, second<-

The following objects are masked from ‘package:dplyr’:

    first, rename

The following object is masked from ‘package:tidyr’:

    expand

The following object is masked from ‘package:utils’:

    findMatches

The following objects are masked from ‘package:base’:

    expand.grid, I, unname

Loading required package: IRanges

Attaching package: ‘IRanges’

The following object is masked from ‘package:data.table’:

    shift

The following object is masked from ‘package:lubridate’:

    %within%

The following objects are masked from ‘package:dplyr’:

    collapse, desc, slice

The following object is masked from ‘package:purrr’:

    reduce

Loading required package: GenomeInfoDb
Loading required package: BSgenome
Loading required package: Biostrings
Loading required package: XVector

Attaching package: ‘XVector’

The following object is masked from ‘package:purrr’:

    compact


Attaching package: ‘Biostrings’

The following object is masked from ‘package:base’:

    strsplit

Loading required package: rtracklayer
Loading required package: Rsamtools
No methods found in package ‘IRanges’ for request: ‘values’ when loading ‘MEDIPS’
Loading required package: MatrixGenerics
Loading required package: matrixStats

Attaching package: ‘matrixStats’

The following object is masked from ‘package:dplyr’:

    count


Attaching package: ‘MatrixGenerics’

The following objects are masked from ‘package:matrixStats’:

    colAlls, colAnyNAs, colAnys, colAvgsPerRowSet, colCollapse,
    colCounts, colCummaxs, colCummins, colCumprods, colCumsums,
    colDiffs, colIQRDiffs, colIQRs, colLogSumExps, colMadDiffs,
    colMads, colMaxs, colMeans2, colMedians, colMins, colOrderStats,
    colProds, colQuantiles, colRanges, colRanks, colSdDiffs, colSds,
    colSums2, colTabulates, colVarDiffs, colVars, colWeightedMads,
    colWeightedMeans, colWeightedMedians, colWeightedSds,
    colWeightedVars, rowAlls, rowAnyNAs, rowAnys, rowAvgsPerColSet,
    rowCollapse, rowCounts, rowCummaxs, rowCummins, rowCumprods,
    rowCumsums, rowDiffs, rowIQRDiffs, rowIQRs, rowLogSumExps,
    rowMadDiffs, rowMads, rowMaxs, rowMeans2, rowMedians, rowMins,
    rowOrderStats, rowProds, rowQuantiles, rowRanges, rowRanks,
    rowSdDiffs, rowSds, rowSums2, rowTabulates, rowVarDiffs, rowVars,
    rowWeightedMads, rowWeightedMeans, rowWeightedMedians,
    rowWeightedSds, rowWeightedVars

Loading required package: Biobase
Welcome to Bioconductor

    Vignettes contain introductory material; view with
    'browseVignettes()'. To cite Bioconductor, see
    'citation("Biobase")', and for packages 'citation("pkgname")'.


Attaching package: ‘Biobase’

The following object is masked from ‘package:MatrixGenerics’:

    rowMedians

The following objects are masked from ‘package:matrixStats’:

    anyMissing, rowMedians

Warning messages:
1: In readLines(f, n) : line 1 appears to contain an embedded nul
2: In readLines(f, n) :
  incomplete final line found on '/scratch/st-kdkortha-1/nshen7/cfMeDIP_deconv/cfMeDIP-deconv-experiments/._cfMeDIP_deconv.Rproj'
ℹ Loading decemedip
col_data is being converted to a DataFrame object.
 ■■                                 4% |  ETA: 31m
 ■■■                                8% |  ETA: 39m
[W::hts_idx_load3] The index file is older than the data file: /scratch/st-kdkortha-1/kdkortha/shen2018_raw/cfMeDIP_Transfer_Korthauer/cfMeDIP-Control/Control_11.bam.bai
 ■■■■■                             12% |  ETA: 40m
 ■■■■■■                            17% |  ETA: 38m
 ■■■■■■■                           21% |  ETA: 34m
[W::hts_idx_load3] The index file is older than the data file: /scratch/st-kdkortha-1/kdkortha/shen2018_raw/cfMeDIP_Transfer_Korthauer/cfMeDIP-Control/Control_14.bam.bai
 ■■■■■■■■■                         25% |  ETA: 33m
[W::hts_idx_load3] The index file is older than the data file: /scratch/st-kdkortha-1/kdkortha/shen2018_raw/cfMeDIP_Transfer_Korthauer/cfMeDIP-Control/Control_6.bam.bai
 ■■■■■■■■■■                        29% |  ETA: 32m
 ■■■■■■■■■■■                       33% |  ETA: 29m
 ■■■■■■■■■■■■                      38% |  ETA: 26m
[W::hts_idx_load3] The index file is older than the data file: /scratch/st-kdkortha-1/kdkortha/shen2018_raw/cfMeDIP_Transfer_Korthauer/cfMeDIP-Control/Control_16.bam.bai
 ■■■■■■■■■■■■■                     42% |  ETA: 22m
[W::hts_idx_load3] The index file is older than the data file: /scratch/st-kdkortha-1/kdkortha/shen2018_raw/cfMeDIP_Transfer_Korthauer/cfMeDIP-Control/Control_4.bam.bai
 ■■■■■■■■■■■■■■■                   46% |  ETA: 21m
 ■■■■■■■■■■■■■■■■                  50% |  ETA: 19m
[W::hts_idx_load3] The index file is older than the data file: /scratch/st-kdkortha-1/kdkortha/shen2018_raw/cfMeDIP_Transfer_Korthauer/cfMeDIP-Control/Control_3.bam.bai
 ■■■■■■■■■■■■■■■■■                 54% |  ETA: 17m
[W::hts_idx_load3] The index file is older than the data file: /scratch/st-kdkortha-1/kdkortha/shen2018_raw/cfMeDIP_Transfer_Korthauer/cfMeDIP-Control/Control_7.bam.bai
 ■■■■■■■■■■■■■■■■■■■               58% |  ETA: 16m
 ■■■■■■■■■■■■■■■■■■■■              62% |  ETA: 14m
[W::hts_idx_load3] The index file is older than the data file: /scratch/st-kdkortha-1/kdkortha/shen2018_raw/cfMeDIP_Transfer_Korthauer/cfMeDIP-Control/Control_15.bam.bai
 ■■■■■■■■■■■■■■■■■■■■■             67% |  ETA: 13m
 ■■■■■■■■■■■■■■■■■■■■■■            71% |  ETA: 11m
[W::hts_idx_load3] The index file is older than the data file: /scratch/st-kdkortha-1/kdkortha/shen2018_raw/cfMeDIP_Transfer_Korthauer/cfMeDIP-Control/Control_5.bam.bai
 ■■■■■■■■■■■■■■■■■■■■■■■           75% |  ETA:  9m
[W::hts_idx_load3] The index file is older than the data file: /scratch/st-kdkortha-1/kdkortha/shen2018_raw/cfMeDIP_Transfer_Korthauer/cfMeDIP-Control/Control_13.bam.bai
 ■■■■■■■■■■■■■■■■■■■■■■■■■         79% |  ETA:  8m
[W::hts_idx_load3] The index file is older than the data file: /scratch/st-kdkortha-1/kdkortha/shen2018_raw/cfMeDIP_Transfer_Korthauer/cfMeDIP-Control/Control_12.bam.bai
 ■■■■■■■■■■■■■■■■■■■■■■■■■■        83% |  ETA:  6m
[W::hts_idx_load3] The index file is older than the data file: /scratch/st-kdkortha-1/kdkortha/shen2018_raw/cfMeDIP_Transfer_Korthauer/cfMeDIP-Control/Control_10.bam.bai
 ■■■■■■■■■■■■■■■■■■■■■■■■■■■       88% |  ETA:  5m
[W::hts_idx_load3] The index file is older than the data file: /scratch/st-kdkortha-1/kdkortha/shen2018_raw/cfMeDIP_Transfer_Korthauer/cfMeDIP-Control/Control_21.bam.bai
 ■■■■■■■■■■■■■■■■■■■■■■■■■■■■■     92% |  ETA:  3m
[W::hts_idx_load3] The index file is older than the data file: /scratch/st-kdkortha-1/kdkortha/shen2018_raw/cfMeDIP_Transfer_Korthauer/cfMeDIP-Control/Control_20.bam.bai
 ■■■■■■■■■■■■■■■■■■■■■■■■■■■■■■    96% |  ETA:  2m
[W::hts_idx_load3] The index file is older than the data file: /scratch/st-kdkortha-1/kdkortha/shen2018_raw/cfMeDIP_Transfer_Korthauer/cfMeDIP-Control/Control_24.bam.bai
New names:
• `` -> `...1`
• `` -> `...2`
• `` -> `...3`
• `` -> `...4`
• `` -> `...5`
• `` -> `...6`
• `` -> `...7`
• `` -> `...8`
• `` -> `...9`
• `` -> `...10`
• `` -> `...11`
• `` -> `...12`
• `` -> `...13`
• `` -> `...14`
• `` -> `...15`
• `` -> `...16`
• `` -> `...17`
• `` -> `...18`
• `` -> `...19`
• `` -> `...20`
• `` -> `...21`
• `` -> `...22`
• `` -> `...23`
• `` -> `...24`
col_data is being converted to a DataFrame object.
 ■■                                 4% |  ETA: 24m
 ■■■                                8% |  ETA: 35m
[W::hts_idx_load3] The index file is older than the data file: /scratch/st-kdkortha-1/kdkortha/shen2018_raw/cfMeDIP_Transfer_Korthauer/cfMeDIP-Control/Control_11.bam.bai
 ■■■■■                             12% |  ETA: 36m
 ■■■■■■                            17% |  ETA: 35m
 ■■■■■■■                           21% |  ETA: 31m
[W::hts_idx_load3] The index file is older than the data file: /scratch/st-kdkortha-1/kdkortha/shen2018_raw/cfMeDIP_Transfer_Korthauer/cfMeDIP-Control/Control_14.bam.bai
 ■■■■■■■■■                         25% |  ETA: 32m
[W::hts_idx_load3] The index file is older than the data file: /scratch/st-kdkortha-1/kdkortha/shen2018_raw/cfMeDIP_Transfer_Korthauer/cfMeDIP-Control/Control_6.bam.bai
 ■■■■■■■■■■                        29% |  ETA: 31m
 ■■■■■■■■■■■                       33% |  ETA: 29m
 ■■■■■■■■■■■■                      38% |  ETA: 25m
[W::hts_idx_load3] The index file is older than the data file: /scratch/st-kdkortha-1/kdkortha/shen2018_raw/cfMeDIP_Transfer_Korthauer/cfMeDIP-Control/Control_16.bam.bai
 ■■■■■■■■■■■■■                     42% |  ETA: 22m
[W::hts_idx_load3] The index file is older than the data file: /scratch/st-kdkortha-1/kdkortha/shen2018_raw/cfMeDIP_Transfer_Korthauer/cfMeDIP-Control/Control_4.bam.bai
 ■■■■■■■■■■■■■■■                   46% |  ETA: 20m
 ■■■■■■■■■■■■■■■■                  50% |  ETA: 18m
[W::hts_idx_load3] The index file is older than the data file: /scratch/st-kdkortha-1/kdkortha/shen2018_raw/cfMeDIP_Transfer_Korthauer/cfMeDIP-Control/Control_3.bam.bai
 ■■■■■■■■■■■■■■■■■                 54% |  ETA: 17m
[W::hts_idx_load3] The index file is older than the data file: /scratch/st-kdkortha-1/kdkortha/shen2018_raw/cfMeDIP_Transfer_Korthauer/cfMeDIP-Control/Control_7.bam.bai
 ■■■■■■■■■■■■■■■■■■■               58% |  ETA: 15m
 ■■■■■■■■■■■■■■■■■■■■              62% |  ETA: 13m
[W::hts_idx_load3] The index file is older than the data file: /scratch/st-kdkortha-1/kdkortha/shen2018_raw/cfMeDIP_Transfer_Korthauer/cfMeDIP-Control/Control_15.bam.bai
 ■■■■■■■■■■■■■■■■■■■■■             67% |  ETA: 12m
 ■■■■■■■■■■■■■■■■■■■■■■            71% |  ETA: 10m
[W::hts_idx_load3] The index file is older than the data file: /scratch/st-kdkortha-1/kdkortha/shen2018_raw/cfMeDIP_Transfer_Korthauer/cfMeDIP-Control/Control_5.bam.bai
 ■■■■■■■■■■■■■■■■■■■■■■■           75% |  ETA:  9m
[W::hts_idx_load3] The index file is older than the data file: /scratch/st-kdkortha-1/kdkortha/shen2018_raw/cfMeDIP_Transfer_Korthauer/cfMeDIP-Control/Control_13.bam.bai
 ■■■■■■■■■■■■■■■■■■■■■■■■■         79% |  ETA:  8m
[W::hts_idx_load3] The index file is older than the data file: /scratch/st-kdkortha-1/kdkortha/shen2018_raw/cfMeDIP_Transfer_Korthauer/cfMeDIP-Control/Control_12.bam.bai
 ■■■■■■■■■■■■■■■■■■■■■■■■■■        83% |  ETA:  6m
[W::hts_idx_load3] The index file is older than the data file: /scratch/st-kdkortha-1/kdkortha/shen2018_raw/cfMeDIP_Transfer_Korthauer/cfMeDIP-Control/Control_10.bam.bai
 ■■■■■■■■■■■■■■■■■■■■■■■■■■■       88% |  ETA:  5m
[W::hts_idx_load3] The index file is older than the data file: /scratch/st-kdkortha-1/kdkortha/shen2018_raw/cfMeDIP_Transfer_Korthauer/cfMeDIP-Control/Control_21.bam.bai
 ■■■■■■■■■■■■■■■■■■■■■■■■■■■■■     92% |  ETA:  3m
[W::hts_idx_load3] The index file is older than the data file: /scratch/st-kdkortha-1/kdkortha/shen2018_raw/cfMeDIP_Transfer_Korthauer/cfMeDIP-Control/Control_20.bam.bai
 ■■■■■■■■■■■■■■■■■■■■■■■■■■■■■■    96% |  ETA:  2m
[W::hts_idx_load3] The index file is older than the data file: /scratch/st-kdkortha-1/kdkortha/shen2018_raw/cfMeDIP_Transfer_Korthauer/cfMeDIP-Control/Control_24.bam.bai
New names:
• `` -> `...1`
• `` -> `...2`
• `` -> `...3`
• `` -> `...4`
• `` -> `...5`
• `` -> `...6`
• `` -> `...7`
• `` -> `...8`
• `` -> `...9`
• `` -> `...10`
• `` -> `...11`
• `` -> `...12`
• `` -> `...13`
• `` -> `...14`
• `` -> `...15`
• `` -> `...16`
• `` -> `...17`
• `` -> `...18`
• `` -> `...19`
• `` -> `...20`
• `` -> `...21`
• `` -> `...22`
• `` -> `...23`
• `` -> `...24`
