INFO:    squashfuse not found, will not be able to use gocryptfs
INFO:    gocryptfs not found, will not be able to use gocryptfs
here() starts at /scratch/st-kdkortha-1/nshen7/cfMeDIP_deconv/cfMeDIP-deconv-experiments
── Attaching core tidyverse packages ──────────────────────── tidyverse 2.0.0 ──
✔ dplyr     1.1.3     ✔ readr     2.1.4
✔ forcats   1.0.0     ✔ stringr   1.5.0
✔ ggplot2   3.4.3     ✔ tibble    3.2.1
✔ lubridate 1.9.3     ✔ tidyr     1.3.0
✔ purrr     1.0.1     
── Conflicts ────────────────────────────────────────── tidyverse_conflicts() ──
✖ dplyr::filter() masks stats::filter()
✖ dplyr::lag()    masks stats::lag()
ℹ Use the conflicted package (<http://conflicted.r-lib.org/>) to force all conflicts to become errors

Attaching package: ‘data.table’

The following objects are masked from ‘package:lubridate’:

    hour, isoweek, mday, minute, month, quarter, second, wday, week,
    yday, year

The following objects are masked from ‘package:dplyr’:

    between, first, last

The following object is masked from ‘package:purrr’:

    transpose

Loading required package: stats4
Loading required package: BiocGenerics

Attaching package: ‘BiocGenerics’

The following objects are masked from ‘package:lubridate’:

    intersect, setdiff, union

The following objects are masked from ‘package:dplyr’:

    combine, intersect, setdiff, union

The following objects are masked from ‘package:stats’:

    IQR, mad, sd, var, xtabs

The following objects are masked from ‘package:base’:

    anyDuplicated, aperm, append, as.data.frame, basename, cbind,
    colnames, dirname, do.call, duplicated, eval, evalq, Filter, Find,
    get, grep, grepl, intersect, is.unsorted, lapply, Map, mapply,
    match, mget, order, paste, pmax, pmax.int, pmin, pmin.int,
    Position, rank, rbind, Reduce, rownames, sapply, setdiff, sort,
    table, tapply, union, unique, unsplit, which.max, which.min

Loading required package: S4Vectors

Attaching package: ‘S4Vectors’

The following objects are masked from ‘package:data.table’:

    first, second

The following objects are masked from ‘package:lubridate’:

    second, second<-

The following objects are masked from ‘package:dplyr’:

    first, rename

The following object is masked from ‘package:tidyr’:

    expand

The following object is masked from ‘package:utils’:

    findMatches

The following objects are masked from ‘package:base’:

    expand.grid, I, unname

Loading required package: IRanges

Attaching package: ‘IRanges’

The following object is masked from ‘package:data.table’:

    shift

The following object is masked from ‘package:lubridate’:

    %within%

The following objects are masked from ‘package:dplyr’:

    collapse, desc, slice

The following object is masked from ‘package:purrr’:

    reduce

Loading required package: GenomeInfoDb
Loading required package: BSgenome
Loading required package: Biostrings
Loading required package: XVector

Attaching package: ‘XVector’

The following object is masked from ‘package:purrr’:

    compact


Attaching package: ‘Biostrings’

The following object is masked from ‘package:base’:

    strsplit

Loading required package: rtracklayer
Loading required package: Rsamtools
No methods found in package ‘IRanges’ for request: ‘values’ when loading ‘MEDIPS’
Loading required package: MatrixGenerics
Loading required package: matrixStats

Attaching package: ‘matrixStats’

The following object is masked from ‘package:dplyr’:

    count


Attaching package: ‘MatrixGenerics’

The following objects are masked from ‘package:matrixStats’:

    colAlls, colAnyNAs, colAnys, colAvgsPerRowSet, colCollapse,
    colCounts, colCummaxs, colCummins, colCumprods, colCumsums,
    colDiffs, colIQRDiffs, colIQRs, colLogSumExps, colMadDiffs,
    colMads, colMaxs, colMeans2, colMedians, colMins, colOrderStats,
    colProds, colQuantiles, colRanges, colRanks, colSdDiffs, colSds,
    colSums2, colTabulates, colVarDiffs, colVars, colWeightedMads,
    colWeightedMeans, colWeightedMedians, colWeightedSds,
    colWeightedVars, rowAlls, rowAnyNAs, rowAnys, rowAvgsPerColSet,
    rowCollapse, rowCounts, rowCummaxs, rowCummins, rowCumprods,
    rowCumsums, rowDiffs, rowIQRDiffs, rowIQRs, rowLogSumExps,
    rowMadDiffs, rowMads, rowMaxs, rowMeans2, rowMedians, rowMins,
    rowOrderStats, rowProds, rowQuantiles, rowRanges, rowRanks,
    rowSdDiffs, rowSds, rowSums2, rowTabulates, rowVarDiffs, rowVars,
    rowWeightedMads, rowWeightedMeans, rowWeightedMedians,
    rowWeightedSds, rowWeightedVars

Loading required package: Biobase
Welcome to Bioconductor

    Vignettes contain introductory material; view with
    'browseVignettes()'. To cite Bioconductor, see
    'citation("Biobase")', and for packages 'citation("pkgname")'.


Attaching package: ‘Biobase’

The following object is masked from ‘package:MatrixGenerics’:

    rowMedians

The following objects are masked from ‘package:matrixStats’:

    anyMissing, rowMedians

Warning messages:
1: In readLines(f, n) : line 1 appears to contain an embedded nul
2: In readLines(f, n) :
  incomplete final line found on '/scratch/st-kdkortha-1/nshen7/cfMeDIP_deconv/cfMeDIP-deconv-experiments/._cfMeDIP_deconv.Rproj'
ℹ Loading decemedip
col_data is being converted to a DataFrame object.
 ■■                                 3% |  ETA: 17m
 ■■■                                6% |  ETA: 17m
 ■■■■                               9% |  ETA: 16m
 ■■■■■                             12% |  ETA: 15m
 ■■■■■■                            16% |  ETA: 15m
 ■■■■■■■                           19% |  ETA: 14m
 ■■■■■■■■                          22% |  ETA: 13m
 ■■■■■■■■■                         25% |  ETA: 13m
 ■■■■■■■■■                         28% |  ETA: 12m
 ■■■■■■■■■■                        31% |  ETA: 11m
 ■■■■■■■■■■■                       34% |  ETA: 11m
 ■■■■■■■■■■■■                      38% |  ETA: 10m
 ■■■■■■■■■■■■■                     41% |  ETA: 10m
 ■■■■■■■■■■■■■■                    44% |  ETA:  9m
 ■■■■■■■■■■■■■■■                   47% |  ETA:  9m
 ■■■■■■■■■■■■■■■■                  50% |  ETA:  8m
 ■■■■■■■■■■■■■■■■■                 53% |  ETA:  8m
 ■■■■■■■■■■■■■■■■■■                56% |  ETA:  7m
 ■■■■■■■■■■■■■■■■■■■               59% |  ETA:  7m
 ■■■■■■■■■■■■■■■■■■■■              62% |  ETA:  6m
 ■■■■■■■■■■■■■■■■■■■■■             66% |  ETA:  6m
 ■■■■■■■■■■■■■■■■■■■■■■            69% |  ETA:  5m
 ■■■■■■■■■■■■■■■■■■■■■■■           72% |  ETA:  5m
 ■■■■■■■■■■■■■■■■■■■■■■■           75% |  ETA:  4m
 ■■■■■■■■■■■■■■■■■■■■■■■■          78% |  ETA:  4m
 ■■■■■■■■■■■■■■■■■■■■■■■■■         81% |  ETA:  3m
 ■■■■■■■■■■■■■■■■■■■■■■■■■■        84% |  ETA:  3m
 ■■■■■■■■■■■■■■■■■■■■■■■■■■■       88% |  ETA:  2m
 ■■■■■■■■■■■■■■■■■■■■■■■■■■■■      91% |  ETA:  2m
 ■■■■■■■■■■■■■■■■■■■■■■■■■■■■■     94% |  ETA:  1m
 ■■■■■■■■■■■■■■■■■■■■■■■■■■■■■■    97% |  ETA: 31s
New names:
• `` -> `...1`
• `` -> `...2`
• `` -> `...3`
• `` -> `...4`
• `` -> `...5`
• `` -> `...6`
• `` -> `...7`
• `` -> `...8`
• `` -> `...9`
• `` -> `...10`
• `` -> `...11`
• `` -> `...12`
• `` -> `...13`
• `` -> `...14`
• `` -> `...15`
• `` -> `...16`
• `` -> `...17`
• `` -> `...18`
• `` -> `...19`
• `` -> `...20`
• `` -> `...21`
• `` -> `...22`
• `` -> `...23`
• `` -> `...24`
• `` -> `...25`
• `` -> `...26`
• `` -> `...27`
• `` -> `...28`
• `` -> `...29`
• `` -> `...30`
• `` -> `...31`
• `` -> `...32`
col_data is being converted to a DataFrame object.
 ■■                                 3% |  ETA: 11m
 ■■■                                6% |  ETA: 12m
 ■■■■                               9% |  ETA: 11m
 ■■■■■                             12% |  ETA: 11m
 ■■■■■■                            16% |  ETA: 10m
 ■■■■■■■                           19% |  ETA: 10m
 ■■■■■■■■                          22% |  ETA: 10m
 ■■■■■■■■■                         25% |  ETA:  9m
 ■■■■■■■■■                         28% |  ETA:  8m
 ■■■■■■■■■■                        31% |  ETA:  8m
 ■■■■■■■■■■■                       34% |  ETA:  8m
 ■■■■■■■■■■■■                      38% |  ETA:  7m
 ■■■■■■■■■■■■■                     41% |  ETA:  7m
 ■■■■■■■■■■■■■■                    44% |  ETA:  7m
 ■■■■■■■■■■■■■■■                   47% |  ETA:  6m
 ■■■■■■■■■■■■■■■■                  50% |  ETA:  6m
 ■■■■■■■■■■■■■■■■■                 53% |  ETA:  5m
 ■■■■■■■■■■■■■■■■■■                56% |  ETA:  5m
 ■■■■■■■■■■■■■■■■■■■               59% |  ETA:  5m
 ■■■■■■■■■■■■■■■■■■■■              62% |  ETA:  4m
 ■■■■■■■■■■■■■■■■■■■■■             66% |  ETA:  4m
 ■■■■■■■■■■■■■■■■■■■■■■            69% |  ETA:  4m
 ■■■■■■■■■■■■■■■■■■■■■■■           72% |  ETA:  3m
 ■■■■■■■■■■■■■■■■■■■■■■■           75% |  ETA:  3m
 ■■■■■■■■■■■■■■■■■■■■■■■■          78% |  ETA:  3m
 ■■■■■■■■■■■■■■■■■■■■■■■■■         81% |  ETA:  2m
 ■■■■■■■■■■■■■■■■■■■■■■■■■■        84% |  ETA:  2m
 ■■■■■■■■■■■■■■■■■■■■■■■■■■■       88% |  ETA:  1m
 ■■■■■■■■■■■■■■■■■■■■■■■■■■■■      91% |  ETA:  1m
 ■■■■■■■■■■■■■■■■■■■■■■■■■■■■■     94% |  ETA: 43s
 ■■■■■■■■■■■■■■■■■■■■■■■■■■■■■■    97% |  ETA: 21s
New names:
• `` -> `...1`
• `` -> `...2`
• `` -> `...3`
• `` -> `...4`
• `` -> `...5`
• `` -> `...6`
• `` -> `...7`
• `` -> `...8`
• `` -> `...9`
• `` -> `...10`
• `` -> `...11`
• `` -> `...12`
• `` -> `...13`
• `` -> `...14`
• `` -> `...15`
• `` -> `...16`
• `` -> `...17`
• `` -> `...18`
• `` -> `...19`
• `` -> `...20`
• `` -> `...21`
• `` -> `...22`
• `` -> `...23`
• `` -> `...24`
• `` -> `...25`
• `` -> `...26`
• `` -> `...27`
• `` -> `...28`
• `` -> `...29`
• `` -> `...30`
• `` -> `...31`
• `` -> `...32`
