Reading bam alignment ENCFF002BKW.bam 
Selecting  chr1 chr2 chr3 chr4 chr5 chr6 chr7 chr8 chr9 chr10 chr11 chr12 chr13 chr14 chr15 chr16 chr17 chr18 chr19 chr20 chr21 chr22 
Total number of imported short reads: 137110915
Creating GRange Object...
Do not correct for potential PCR artefacts (keep all reads).
Loading chromosome lengths for BSgenome.Hsapiens.UCSC.hg19...
Calculating short read coverage at regions of interest...
Reading bam alignment ENCFF002BKV.bam 
Selecting  chr1 chr2 chr3 chr4 chr5 chr6 chr7 chr8 chr9 chr10 chr11 chr12 chr13 chr14 chr15 chr16 chr17 chr18 chr19 chr20 chr21 chr22 
Total number of imported short reads: 123132712
Creating GRange Object...
Do not correct for potential PCR artefacts (keep all reads).
Loading chromosome lengths for BSgenome.Hsapiens.UCSC.hg19...
Calculating short read coverage at regions of interest...
Reading bam alignment ENCFF002BKW.bam 
Selecting  chr1 chr2 chr3 chr4 chr5 chr6 chr7 chr8 chr9 chr10 chr11 chr12 chr13 chr14 chr15 chr16 chr17 chr18 chr19 chr20 chr21 chr22 
Total number of imported short reads: 137110915
Creating GRange Object...
Do not correct for potential PCR artefacts (keep all reads).
Loading chromosome lengths for BSgenome.Hsapiens.UCSC.hg19...
Calculating short read coverage at regions of interest...
Reading bam alignment ENCFF002BKV.bam 
Selecting  chr1 chr2 chr3 chr4 chr5 chr6 chr7 chr8 chr9 chr10 chr11 chr12 chr13 chr14 chr15 chr16 chr17 chr18 chr19 chr20 chr21 chr22 
Total number of imported short reads: 123132712
Creating GRange Object...
Do not correct for potential PCR artefacts (keep all reads).
Loading chromosome lengths for BSgenome.Hsapiens.UCSC.hg19...
Calculating short read coverage at regions of interest...
